{"/Users/miclaude/Desktop/40/tdd_project/src/components/MyButton/MyButton.jsx": {"path":"/Users/miclaude/Desktop/40/tdd_project/src/components/MyButton/MyButton.jsx","statementMap":{"0":{"start":{"line":4,"column":17},"end":{"line":15,"column":1}},"1":{"start":{"line":5,"column":2},"end":{"line":14,"column":11}}},"fnMap":{"0":{"name":"(anonymous_0)","decl":{"start":{"line":4,"column":17},"end":{"line":4,"column":18}},"loc":{"start":{"line":5,"column":2},"end":{"line":14,"column":11}},"line":5}},"branchMap":{},"s":{"0":2,"1":5},"f":{"0":5},"b":{},"_coverageSchema":"43e27e138ebf9cfc5966b082cf9a028302ed4184","hash":"059060afe1f9c8bd10cc52bb6f2c08adca8cb49a"}
,"/Users/miclaude/Desktop/40/tdd_project/src/components/MyInput/MyInput.jsx": {"path":"/Users/miclaude/Desktop/40/tdd_project/src/components/MyInput/MyInput.jsx","statementMap":{"0":{"start":{"line":5,"column":14},"end":{"line":16,"column":1}},"1":{"start":{"line":6,"column":4},"end":{"line":15,"column":17}}},"fnMap":{"0":{"name":"(anonymous_0)","decl":{"start":{"line":5,"column":14},"end":{"line":5,"column":15}},"loc":{"start":{"line":6,"column":4},"end":{"line":15,"column":17}},"line":6}},"branchMap":{"0":{"loc":{"start":{"line":7,"column":7},"end":{"line":7,"column":60}},"type":"binary-expr","locations":[{"start":{"line":7,"column":7},"end":{"line":7,"column":18}},{"start":{"line":7,"column":22},"end":{"line":7,"column":60}}],"line":7},"1":{"loc":{"start":{"line":8,"column":7},"end":{"line":13,"column":8}},"type":"binary-expr","locations":[{"start":{"line":8,"column":7},"end":{"line":8,"column":17}},{"start":{"line":8,"column":21},"end":{"line":8,"column":32}},{"start":{"line":8,"column":37},"end":{"line":13,"column":8}}],"line":8},"2":{"loc":{"start":{"line":14,"column":7},"end":{"line":14,"column":81}},"type":"binary-expr","locations":[{"start":{"line":14,"column":7},"end":{"line":14,"column":18}},{"start":{"line":14,"column":22},"end":{"line":14,"column":81}}],"line":14}},"s":{"0":2,"1":9},"f":{"0":9},"b":{"0":[9,8],"1":[9,8,8],"2":[9,4]},"_coverageSchema":"43e27e138ebf9cfc5966b082cf9a028302ed4184","hash":"6a03ad187172bbf10875e96d39bcafb3a6bffc34"}
,"/Users/miclaude/Desktop/40/tdd_project/src/components/utility/utility.jsx": {"path":"/Users/miclaude/Desktop/40/tdd_project/src/components/utility/utility.jsx","statementMap":{"0":{"start":{"line":1,"column":19},"end":{"line":16,"column":1}},"1":{"start":{"line":2,"column":16},"end":{"line":2,"column":20}},"2":{"start":{"line":3,"column":17},"end":{"line":3,"column":21}},"3":{"start":{"line":5,"column":4},"end":{"line":9,"column":5}},"4":{"start":{"line":6,"column":8},"end":{"line":6,"column":152}},"5":{"start":{"line":7,"column":8},"end":{"line":8,"column":47}},"6":{"start":{"line":8,"column":12},"end":{"line":8,"column":47}},"7":{"start":{"line":10,"column":4},"end":{"line":14,"column":5}},"8":{"start":{"line":11,"column":8},"end":{"line":11,"column":58}},"9":{"start":{"line":12,"column":8},"end":{"line":13,"column":77}},"10":{"start":{"line":13,"column":12},"end":{"line":13,"column":77}},"11":{"start":{"line":15,"column":4},"end":{"line":15,"column":18}},"12":{"start":{"line":18,"column":26},"end":{"line":28,"column":1}},"13":{"start":{"line":19,"column":16},"end":{"line":19,"column":20}},"14":{"start":{"line":21,"column":4},"end":{"line":26,"column":38}},"15":{"start":{"line":22,"column":8},"end":{"line":22,"column":44}},"16":{"start":{"line":23,"column":9},"end":{"line":26,"column":38}},"17":{"start":{"line":24,"column":8},"end":{"line":24,"column":44}},"18":{"start":{"line":26,"column":8},"end":{"line":26,"column":38}},"19":{"start":{"line":27,"column":4},"end":{"line":27,"column":17}}},"fnMap":{"0":{"name":"(anonymous_0)","decl":{"start":{"line":1,"column":19},"end":{"line":1,"column":20}},"loc":{"start":{"line":1,"column":34},"end":{"line":16,"column":1}},"line":1},"1":{"name":"(anonymous_1)","decl":{"start":{"line":18,"column":26},"end":{"line":18,"column":27}},"loc":{"start":{"line":18,"column":50},"end":{"line":28,"column":1}},"line":18}},"branchMap":{"0":{"loc":{"start":{"line":5,"column":4},"end":{"line":9,"column":5}},"type":"if","locations":[{"start":{"line":5,"column":4},"end":{"line":9,"column":5}},{"start":{"line":5,"column":4},"end":{"line":9,"column":5}}],"line":5},"1":{"loc":{"start":{"line":7,"column":8},"end":{"line":8,"column":47}},"type":"if","locations":[{"start":{"line":7,"column":8},"end":{"line":8,"column":47}},{"start":{"line":7,"column":8},"end":{"line":8,"column":47}}],"line":7},"2":{"loc":{"start":{"line":10,"column":4},"end":{"line":14,"column":5}},"type":"if","locations":[{"start":{"line":10,"column":4},"end":{"line":14,"column":5}},{"start":{"line":10,"column":4},"end":{"line":14,"column":5}}],"line":10},"3":{"loc":{"start":{"line":12,"column":8},"end":{"line":13,"column":77}},"type":"if","locations":[{"start":{"line":12,"column":8},"end":{"line":13,"column":77}},{"start":{"line":12,"column":8},"end":{"line":13,"column":77}}],"line":12},"4":{"loc":{"start":{"line":21,"column":4},"end":{"line":26,"column":38}},"type":"if","locations":[{"start":{"line":21,"column":4},"end":{"line":26,"column":38}},{"start":{"line":21,"column":4},"end":{"line":26,"column":38}}],"line":21},"5":{"loc":{"start":{"line":23,"column":9},"end":{"line":26,"column":38}},"type":"if","locations":[{"start":{"line":23,"column":9},"end":{"line":26,"column":38}},{"start":{"line":23,"column":9},"end":{"line":26,"column":38}}],"line":23}},"s":{"0":2,"1":5,"2":5,"3":5,"4":2,"5":2,"6":1,"7":5,"8":2,"9":2,"10":1,"11":5,"12":2,"13":9,"14":9,"15":2,"16":7,"17":2,"18":5,"19":9},"f":{"0":5,"1":9},"b":{"0":[2,3],"1":[1,1],"2":[2,3],"3":[1,1],"4":[2,7],"5":[2,5]},"_coverageSchema":"43e27e138ebf9cfc5966b082cf9a028302ed4184","hash":"d3263f571ac2b3a289b6a433ca411dbd7ebdbabf"}
,"/Users/miclaude/Desktop/40/tdd_project/src/containers/Auth/Social.js": {"path":"/Users/miclaude/Desktop/40/tdd_project/src/containers/Auth/Social.js","statementMap":{"0":{"start":{"line":4,"column":15},"end":{"line":33,"column":1}},"1":{"start":{"line":5,"column":4},"end":{"line":32,"column":10}}},"fnMap":{"0":{"name":"(anonymous_0)","decl":{"start":{"line":4,"column":15},"end":{"line":4,"column":16}},"loc":{"start":{"line":5,"column":4},"end":{"line":32,"column":10}},"line":5}},"branchMap":{},"s":{"0":1,"1":2},"f":{"0":2},"b":{},"_coverageSchema":"43e27e138ebf9cfc5966b082cf9a028302ed4184","hash":"abc80a8e16ca0658eb89670e968caf49d908bf7c"}
,"/Users/miclaude/Desktop/40/tdd_project/src/containers/Auth/wrapper.js": {"path":"/Users/miclaude/Desktop/40/tdd_project/src/containers/Auth/wrapper.js","statementMap":{"0":{"start":{"line":6,"column":16},"end":{"line":16,"column":1}},"1":{"start":{"line":7,"column":4},"end":{"line":15,"column":10}}},"fnMap":{"0":{"name":"(anonymous_0)","decl":{"start":{"line":6,"column":16},"end":{"line":6,"column":17}},"loc":{"start":{"line":7,"column":4},"end":{"line":15,"column":10}},"line":7}},"branchMap":{"0":{"loc":{"start":{"line":12,"column":17},"end":{"line":12,"column":43}},"type":"binary-expr","locations":[{"start":{"line":12,"column":17},"end":{"line":12,"column":29}},{"start":{"line":12,"column":33},"end":{"line":12,"column":43}}],"line":12}},"s":{"0":1,"1":2},"f":{"0":2},"b":{"0":[2,2]},"_coverageSchema":"43e27e138ebf9cfc5966b082cf9a028302ed4184","hash":"0246d5bc0b7deded337a5917d18dd5c8b8c7d860"}
,"/Users/miclaude/Desktop/40/tdd_project/src/containers/Auth/ForgetPwd/ForgetPwd.jsx": {"path":"/Users/miclaude/Desktop/40/tdd_project/src/containers/Auth/ForgetPwd/ForgetPwd.jsx","statementMap":{"0":{"start":{"line":12,"column":12},"end":{"line":16,"column":5}},"1":{"start":{"line":18,"column":21},"end":{"line":30,"column":5}},"2":{"start":{"line":19,"column":19},"end":{"line":19,"column":30}},"3":{"start":{"line":20,"column":23},"end":{"line":20,"column":45}},"4":{"start":{"line":21,"column":8},"end":{"line":21,"column":36}},"5":{"start":{"line":23,"column":8},"end":{"line":29,"column":11}},"6":{"start":{"line":24,"column":22},"end":{"line":24,"column":26}},"7":{"start":{"line":25,"column":10},"end":{"line":25,"column":55}},"8":{"start":{"line":26,"column":25},"end":{"line":26,"column":47}},"9":{"start":{"line":27,"column":10},"end":{"line":27,"column":29}},"10":{"start":{"line":28,"column":10},"end":{"line":28,"column":220}},"11":{"start":{"line":28,"column":49},"end":{"line":28,"column":218}},"12":{"start":{"line":32,"column":13},"end":{"line":34,"column":5}},"13":{"start":{"line":33,"column":8},"end":{"line":33,"column":27}},"14":{"start":{"line":38,"column":12},"end":{"line":54,"column":19}},"15":{"start":{"line":51,"column":40},"end":{"line":51,"column":69}},"16":{"start":{"line":56,"column":8},"end":{"line":65,"column":10}}},"fnMap":{"0":{"name":"(anonymous_0)","decl":{"start":{"line":18,"column":21},"end":{"line":18,"column":22}},"loc":{"start":{"line":18,"column":38},"end":{"line":30,"column":5}},"line":18},"1":{"name":"(anonymous_1)","decl":{"start":{"line":23,"column":41},"end":{"line":23,"column":42}},"loc":{"start":{"line":23,"column":47},"end":{"line":29,"column":9}},"line":23},"2":{"name":"(anonymous_2)","decl":{"start":{"line":28,"column":42},"end":{"line":28,"column":43}},"loc":{"start":{"line":28,"column":48},"end":{"line":28,"column":219}},"line":28},"3":{"name":"(anonymous_3)","decl":{"start":{"line":32,"column":13},"end":{"line":32,"column":14}},"loc":{"start":{"line":32,"column":20},"end":{"line":34,"column":5}},"line":32},"4":{"name":"(anonymous_4)","decl":{"start":{"line":36,"column":4},"end":{"line":36,"column":5}},"loc":{"start":{"line":36,"column":14},"end":{"line":66,"column":5}},"line":36},"5":{"name":"(anonymous_5)","decl":{"start":{"line":51,"column":33},"end":{"line":51,"column":34}},"loc":{"start":{"line":51,"column":40},"end":{"line":51,"column":69}},"line":51}},"branchMap":{"0":{"loc":{"start":{"line":28,"column":49},"end":{"line":28,"column":217}},"type":"cond-expr","locations":[{"start":{"line":28,"column":153},"end":{"line":28,"column":184}},{"start":{"line":28,"column":187},"end":{"line":28,"column":217}}],"line":28},"1":{"loc":{"start":{"line":28,"column":49},"end":{"line":28,"column":150}},"type":"binary-expr","locations":[{"start":{"line":28,"column":49},"end":{"line":28,"column":103}},{"start":{"line":28,"column":107},"end":{"line":28,"column":150}}],"line":28}},"s":{"0":0,"1":0,"2":0,"3":0,"4":0,"5":0,"6":0,"7":0,"8":0,"9":0,"10":0,"11":0,"12":0,"13":0,"14":0,"15":0,"16":0},"f":{"0":0,"1":0,"2":0,"3":0,"4":0,"5":0},"b":{"0":[0,0],"1":[0,0]},"hash":"e25dcb5b45f0e02abf262b6db1bd94f33d54c924"}
,"/Users/miclaude/Desktop/40/tdd_project/src/containers/Auth/Login/Login.jsx": {"path":"/Users/miclaude/Desktop/40/tdd_project/src/containers/Auth/Login/Login.jsx","statementMap":{"0":{"start":{"line":17,"column":12},"end":{"line":38,"column":5}},"1":{"start":{"line":41,"column":8},"end":{"line":41,"column":53}},"2":{"start":{"line":44,"column":21},"end":{"line":55,"column":5}},"3":{"start":{"line":45,"column":19},"end":{"line":45,"column":30}},"4":{"start":{"line":46,"column":23},"end":{"line":46,"column":45}},"5":{"start":{"line":47,"column":8},"end":{"line":47,"column":36}},"6":{"start":{"line":48,"column":8},"end":{"line":54,"column":11}},"7":{"start":{"line":49,"column":24},"end":{"line":49,"column":28}},"8":{"start":{"line":50,"column":12},"end":{"line":50,"column":57}},"9":{"start":{"line":51,"column":27},"end":{"line":51,"column":49}},"10":{"start":{"line":52,"column":12},"end":{"line":52,"column":31}},"11":{"start":{"line":53,"column":12},"end":{"line":53,"column":224}},"12":{"start":{"line":53,"column":51},"end":{"line":53,"column":222}},"13":{"start":{"line":57,"column":13},"end":{"line":61,"column":5}},"14":{"start":{"line":58,"column":8},"end":{"line":58,"column":27}},"15":{"start":{"line":59,"column":8},"end":{"line":59,"column":26}},"16":{"start":{"line":65,"column":12},"end":{"line":89,"column":19}},"17":{"start":{"line":68,"column":24},"end":{"line":77,"column":30}},"18":{"start":{"line":76,"column":44},"end":{"line":76,"column":88}},"19":{"start":{"line":92,"column":8},"end":{"line":102,"column":10}}},"fnMap":{"0":{"name":"(anonymous_0)","decl":{"start":{"line":40,"column":4},"end":{"line":40,"column":5}},"loc":{"start":{"line":40,"column":24},"end":{"line":42,"column":5}},"line":40},"1":{"name":"(anonymous_1)","decl":{"start":{"line":44,"column":21},"end":{"line":44,"column":22}},"loc":{"start":{"line":44,"column":38},"end":{"line":55,"column":5}},"line":44},"2":{"name":"(anonymous_2)","decl":{"start":{"line":48,"column":41},"end":{"line":48,"column":42}},"loc":{"start":{"line":48,"column":47},"end":{"line":54,"column":9}},"line":48},"3":{"name":"(anonymous_3)","decl":{"start":{"line":53,"column":44},"end":{"line":53,"column":45}},"loc":{"start":{"line":53,"column":50},"end":{"line":53,"column":223}},"line":53},"4":{"name":"(anonymous_4)","decl":{"start":{"line":57,"column":13},"end":{"line":57,"column":14}},"loc":{"start":{"line":57,"column":20},"end":{"line":61,"column":5}},"line":57},"5":{"name":"(anonymous_5)","decl":{"start":{"line":63,"column":4},"end":{"line":63,"column":5}},"loc":{"start":{"line":63,"column":14},"end":{"line":103,"column":5}},"line":63},"6":{"name":"(anonymous_6)","decl":{"start":{"line":67,"column":41},"end":{"line":67,"column":42}},"loc":{"start":{"line":68,"column":24},"end":{"line":77,"column":30}},"line":68},"7":{"name":"(anonymous_7)","decl":{"start":{"line":76,"column":37},"end":{"line":76,"column":38}},"loc":{"start":{"line":76,"column":44},"end":{"line":76,"column":88}},"line":76}},"branchMap":{"0":{"loc":{"start":{"line":53,"column":51},"end":{"line":53,"column":221}},"type":"cond-expr","locations":[{"start":{"line":53,"column":155},"end":{"line":53,"column":187}},{"start":{"line":53,"column":190},"end":{"line":53,"column":221}}],"line":53},"1":{"loc":{"start":{"line":53,"column":51},"end":{"line":53,"column":152}},"type":"binary-expr","locations":[{"start":{"line":53,"column":51},"end":{"line":53,"column":105}},{"start":{"line":53,"column":109},"end":{"line":53,"column":152}}],"line":53}},"s":{"0":0,"1":0,"2":0,"3":0,"4":0,"5":0,"6":0,"7":0,"8":0,"9":0,"10":0,"11":0,"12":0,"13":0,"14":0,"15":0,"16":0,"17":0,"18":0,"19":0},"f":{"0":0,"1":0,"2":0,"3":0,"4":0,"5":0,"6":0,"7":0},"b":{"0":[0,0],"1":[0,0]},"hash":"eeac526bb9fdccbf80bdad647af8170920ef028a"}
,"/Users/miclaude/Desktop/40/tdd_project/src/containers/Auth/Logout/Logout.jsx": {"path":"/Users/miclaude/Desktop/40/tdd_project/src/containers/Auth/Logout/Logout.jsx","statementMap":{"0":{"start":{"line":5,"column":8},"end":{"line":9,"column":10}}},"fnMap":{"0":{"name":"(anonymous_0)","decl":{"start":{"line":4,"column":4},"end":{"line":4,"column":5}},"loc":{"start":{"line":4,"column":14},"end":{"line":10,"column":5}},"line":4}},"branchMap":{},"s":{"0":0},"f":{"0":0},"b":{},"hash":"93548f09eca9c4ba2f9b449c139385cd88dd3f0b"}
,"/Users/miclaude/Desktop/40/tdd_project/src/containers/Auth/Register/Register.jsx": {"path":"/Users/miclaude/Desktop/40/tdd_project/src/containers/Auth/Register/Register.jsx","statementMap":{"0":{"start":{"line":16,"column":10},"end":{"line":36,"column":3}},"1":{"start":{"line":38,"column":19},"end":{"line":49,"column":3}},"2":{"start":{"line":39,"column":15},"end":{"line":39,"column":26}},"3":{"start":{"line":40,"column":19},"end":{"line":40,"column":41}},"4":{"start":{"line":41,"column":4},"end":{"line":41,"column":32}},"5":{"start":{"line":42,"column":4},"end":{"line":48,"column":7}},"6":{"start":{"line":43,"column":20},"end":{"line":43,"column":24}},"7":{"start":{"line":44,"column":8},"end":{"line":44,"column":53}},"8":{"start":{"line":45,"column":23},"end":{"line":45,"column":45}},"9":{"start":{"line":46,"column":8},"end":{"line":46,"column":27}},"10":{"start":{"line":47,"column":8},"end":{"line":47,"column":221}},"11":{"start":{"line":47,"column":48},"end":{"line":47,"column":219}},"12":{"start":{"line":51,"column":11},"end":{"line":54,"column":3}},"13":{"start":{"line":52,"column":4},"end":{"line":52,"column":23}},"14":{"start":{"line":53,"column":4},"end":{"line":53,"column":26}},"15":{"start":{"line":58,"column":6},"end":{"line":77,"column":13}},"16":{"start":{"line":61,"column":12},"end":{"line":70,"column":14}},"17":{"start":{"line":69,"column":30},"end":{"line":69,"column":74}},"18":{"start":{"line":80,"column":4},"end":{"line":82,"column":6}}},"fnMap":{"0":{"name":"(anonymous_0)","decl":{"start":{"line":38,"column":19},"end":{"line":38,"column":20}},"loc":{"start":{"line":38,"column":36},"end":{"line":49,"column":3}},"line":38},"1":{"name":"(anonymous_1)","decl":{"start":{"line":42,"column":37},"end":{"line":42,"column":38}},"loc":{"start":{"line":42,"column":43},"end":{"line":48,"column":5}},"line":42},"2":{"name":"(anonymous_2)","decl":{"start":{"line":47,"column":40},"end":{"line":47,"column":41}},"loc":{"start":{"line":47,"column":46},"end":{"line":47,"column":220}},"line":47},"3":{"name":"(anonymous_3)","decl":{"start":{"line":51,"column":11},"end":{"line":51,"column":12}},"loc":{"start":{"line":51,"column":16},"end":{"line":54,"column":3}},"line":51},"4":{"name":"(anonymous_4)","decl":{"start":{"line":56,"column":2},"end":{"line":56,"column":3}},"loc":{"start":{"line":56,"column":11},"end":{"line":83,"column":3}},"line":56},"5":{"name":"(anonymous_5)","decl":{"start":{"line":60,"column":31},"end":{"line":60,"column":32}},"loc":{"start":{"line":61,"column":12},"end":{"line":70,"column":14}},"line":61},"6":{"name":"(anonymous_6)","decl":{"start":{"line":69,"column":23},"end":{"line":69,"column":24}},"loc":{"start":{"line":69,"column":30},"end":{"line":69,"column":74}},"line":69}},"branchMap":{"0":{"loc":{"start":{"line":47,"column":48},"end":{"line":47,"column":218}},"type":"cond-expr","locations":[{"start":{"line":47,"column":152},"end":{"line":47,"column":184}},{"start":{"line":47,"column":187},"end":{"line":47,"column":218}}],"line":47},"1":{"loc":{"start":{"line":47,"column":48},"end":{"line":47,"column":149}},"type":"binary-expr","locations":[{"start":{"line":47,"column":48},"end":{"line":47,"column":102}},{"start":{"line":47,"column":106},"end":{"line":47,"column":149}}],"line":47}},"s":{"0":2,"1":2,"2":0,"3":0,"4":0,"5":0,"6":0,"7":0,"8":0,"9":0,"10":0,"11":0,"12":2,"13":0,"14":0,"15":2,"16":4,"17":0,"18":2},"f":{"0":0,"1":0,"2":0,"3":0,"4":2,"5":4,"6":0},"b":{"0":[0,0],"1":[0,0]},"_coverageSchema":"43e27e138ebf9cfc5966b082cf9a028302ed4184","hash":"dfa7f6b9f1d60d330ec810d33fbd0c3b5772e4d9"}
,"/Users/miclaude/Desktop/40/tdd_project/src/hoc/Aux/Aux.js": {"path":"/Users/miclaude/Desktop/40/tdd_project/src/hoc/Aux/Aux.js","statementMap":{"0":{"start":{"line":1,"column":12},"end":{"line":1,"column":37}},"1":{"start":{"line":1,"column":23},"end":{"line":1,"column":37}}},"fnMap":{"0":{"name":"(anonymous_0)","decl":{"start":{"line":1,"column":12},"end":{"line":1,"column":13}},"loc":{"start":{"line":1,"column":23},"end":{"line":1,"column":37}},"line":1}},"branchMap":{},"s":{"0":0,"1":0},"f":{"0":0},"b":{},"hash":"e23cc380a93bbc3081437f441986467cef471927"}
,"/Users/miclaude/Desktop/40/tdd_project/src/hoc/Layout/Layout.js": {"path":"/Users/miclaude/Desktop/40/tdd_project/src/hoc/Layout/Layout.js","statementMap":{"0":{"start":{"line":10,"column":12},"end":{"line":12,"column":5}},"1":{"start":{"line":15,"column":8},"end":{"line":25,"column":9}}},"fnMap":{"0":{"name":"(anonymous_0)","decl":{"start":{"line":14,"column":4},"end":{"line":14,"column":5}},"loc":{"start":{"line":14,"column":14},"end":{"line":26,"column":5}},"line":14}},"branchMap":{"0":{"loc":{"start":{"line":18,"column":17},"end":{"line":18,"column":53}},"type":"cond-expr","locations":[{"start":{"line":18,"column":35},"end":{"line":18,"column":46}},{"start":{"line":18,"column":49},"end":{"line":18,"column":53}}],"line":18}},"s":{"0":0,"1":0},"f":{"0":0},"b":{"0":[0,0]},"hash":"783618fd0adef3adb304e22f6c309743d6546f1c"}
,"/Users/miclaude/Desktop/40/tdd_project/src/hoc/Layout/ButtonTop/ButtonTop.js": {"path":"/Users/miclaude/Desktop/40/tdd_project/src/hoc/Layout/ButtonTop/ButtonTop.js","statementMap":{"0":{"start":{"line":7,"column":12},"end":{"line":9,"column":5}},"1":{"start":{"line":12,"column":30},"end":{"line":12,"column":34}},"2":{"start":{"line":13,"column":8},"end":{"line":14,"column":49}},"3":{"start":{"line":14,"column":12},"end":{"line":14,"column":47}},"4":{"start":{"line":17,"column":23},"end":{"line":27,"column":7}},"5":{"start":{"line":18,"column":8},"end":{"line":26,"column":9}},"6":{"start":{"line":19,"column":10},"end":{"line":21,"column":13}},"7":{"start":{"line":23,"column":10},"end":{"line":25,"column":13}},"8":{"start":{"line":29,"column":18},"end":{"line":34,"column":5}},"9":{"start":{"line":30,"column":8},"end":{"line":33,"column":11}},"10":{"start":{"line":37,"column":31},"end":{"line":37,"column":41}},"11":{"start":{"line":38,"column":8},"end":{"line":46,"column":10}}},"fnMap":{"0":{"name":"(anonymous_0)","decl":{"start":{"line":11,"column":4},"end":{"line":11,"column":5}},"loc":{"start":{"line":11,"column":26},"end":{"line":15,"column":5}},"line":11},"1":{"name":"(anonymous_1)","decl":{"start":{"line":13,"column":44},"end":{"line":13,"column":45}},"loc":{"start":{"line":13,"column":56},"end":{"line":14,"column":48}},"line":13},"2":{"name":"(anonymous_2)","decl":{"start":{"line":17,"column":23},"end":{"line":17,"column":24}},"loc":{"start":{"line":17,"column":29},"end":{"line":27,"column":7}},"line":17},"3":{"name":"(anonymous_3)","decl":{"start":{"line":29,"column":18},"end":{"line":29,"column":19}},"loc":{"start":{"line":29,"column":24},"end":{"line":34,"column":5}},"line":29},"4":{"name":"(anonymous_4)","decl":{"start":{"line":36,"column":4},"end":{"line":36,"column":5}},"loc":{"start":{"line":36,"column":14},"end":{"line":47,"column":5}},"line":36}},"branchMap":{"0":{"loc":{"start":{"line":18,"column":8},"end":{"line":26,"column":9}},"type":"if","locations":[{"start":{"line":18,"column":8},"end":{"line":26,"column":9}},{"start":{"line":18,"column":8},"end":{"line":26,"column":9}}],"line":18},"1":{"loc":{"start":{"line":40,"column":17},"end":{"line":44,"column":17}},"type":"binary-expr","locations":[{"start":{"line":40,"column":17},"end":{"line":40,"column":27}},{"start":{"line":41,"column":20},"end":{"line":43,"column":26}}],"line":40}},"s":{"0":0,"1":0,"2":0,"3":0,"4":0,"5":0,"6":0,"7":0,"8":0,"9":0,"10":0,"11":0},"f":{"0":0,"1":0,"2":0,"3":0,"4":0},"b":{"0":[0,0],"1":[0,0]},"hash":"813becd07074826fe1fcd94657d844c77dbfa2df"}
,"/Users/miclaude/Desktop/40/tdd_project/src/hoc/Layout/Footer/Footer.js": {"path":"/Users/miclaude/Desktop/40/tdd_project/src/hoc/Layout/Footer/Footer.js","statementMap":{"0":{"start":{"line":3,"column":15},"end":{"line":7,"column":1}},"1":{"start":{"line":4,"column":4},"end":{"line":6,"column":10}}},"fnMap":{"0":{"name":"(anonymous_0)","decl":{"start":{"line":3,"column":15},"end":{"line":3,"column":16}},"loc":{"start":{"line":4,"column":4},"end":{"line":6,"column":10}},"line":4}},"branchMap":{},"s":{"0":0,"1":0},"f":{"0":0},"b":{},"hash":"37953fb9bb51011e79d6df2e6194e7652f274343"}
,"/Users/miclaude/Desktop/40/tdd_project/src/hoc/Layout/Toolbar/Toolbar.js": {"path":"/Users/miclaude/Desktop/40/tdd_project/src/hoc/Layout/Toolbar/Toolbar.js","statementMap":{"0":{"start":{"line":11,"column":16},"end":{"line":25,"column":1}},"1":{"start":{"line":12,"column":4},"end":{"line":24,"column":6}}},"fnMap":{"0":{"name":"(anonymous_0)","decl":{"start":{"line":11,"column":16},"end":{"line":11,"column":17}},"loc":{"start":{"line":11,"column":22},"end":{"line":25,"column":1}},"line":11}},"branchMap":{},"s":{"0":0,"1":0},"f":{"0":0},"b":{},"hash":"b25dc927b7af3c1239bb3df90ba786236263c080"}
,"/Users/miclaude/Desktop/40/tdd_project/src/hoc/Layout/Toolbar/Logo/Logo.js": {"path":"/Users/miclaude/Desktop/40/tdd_project/src/hoc/Layout/Toolbar/Logo/Logo.js","statementMap":{"0":{"start":{"line":8,"column":13},"end":{"line":12,"column":1}},"1":{"start":{"line":9,"column":4},"end":{"line":11,"column":14}}},"fnMap":{"0":{"name":"(anonymous_0)","decl":{"start":{"line":8,"column":13},"end":{"line":8,"column":14}},"loc":{"start":{"line":9,"column":4},"end":{"line":11,"column":14}},"line":9}},"branchMap":{},"s":{"0":0,"1":0},"f":{"0":0},"b":{},"hash":"3849b186f02d392dd985b02a21fc29b5fa928d79"}
}
